[      90ms] [ERROR] Failed to load resource: the server responded with a status of 404 (Not Found) @ http://localhost:6008/favicon.ico:0
[     159ms] [INFO] %cDownload the React DevTools for a better development experience: https://reactjs.org/link/react-devtools font-weight:bold @ http://localhost:6008/node_modules/.cache/storybook/bdaf6fc18e5ad77ddec7181acffedaee161448f945add4f6e894f767f0d9fc14/sb-vite/deps/chunk-DYFX2BPQ.js?v=5ceb48ed:21550
[     209ms] [LOG] %cDocumentation: %chttps://mswjs.io/docs font-weight:bold font-weight:normal @ http://localhost:6008/node_modules/.cache/storybook/bdaf6fc18e5ad77ddec7181acffedaee161448f945add4f6e894f767f0d9fc14/sb-vite/deps/msw-storybook-addon.js?v=5ceb48ed:3491
[     210ms] [LOG] Found an issue? https://github.com/mswjs/msw/issues @ http://localhost:6008/node_modules/.cache/storybook/bdaf6fc18e5ad77ddec7181acffedaee161448f945add4f6e894f767f0d9fc14/sb-vite/deps/msw-storybook-addon.js?v=5ceb48ed:3496
[     210ms] [LOG] Worker script URL: http://localhost:6008/mockServiceWorker.js @ http://localhost:6008/node_modules/.cache/storybook/bdaf6fc18e5ad77ddec7181acffedaee161448f945add4f6e894f767f0d9fc14/sb-vite/deps/msw-storybook-addon.js?v=5ceb48ed:3497
[     210ms] [LOG] Worker scope: http://localhost:6008/ @ http://localhost:6008/node_modules/.cache/storybook/bdaf6fc18e5ad77ddec7181acffedaee161448f945add4f6e894f767f0d9fc14/sb-vite/deps/msw-storybook-addon.js?v=5ceb48ed:3498
[     210ms] [LOG] Client ID: %s (%s) 2b1bddf9-8e75-4b5d-8be3-0037160ea493 top-level @ http://localhost:6008/node_modules/.cache/storybook/bdaf6fc18e5ad77ddec7181acffedaee161448f945add4f6e894f767f0d9fc14/sb-vite/deps/msw-storybook-addon.js?v=5ceb48ed:3500
[     843ms] [WARNING] ⚠️ React Router Future Flag Warning: React Router will begin wrapping state updates in `React.startTransition` in v7. You can use the `v7_startTransition` future flag to opt-in early. For more information, see https://reactrouter.com/v6/upgrading/future#v7_starttransition. @ http://localhost:6008/node_modules/.cache/storybook/bdaf6fc18e5ad77ddec7181acffedaee161448f945add4f6e894f767f0d9fc14/sb-vite/deps/react-router-dom.js?v=5ceb48ed:4435
[     843ms] [WARNING] ⚠️ React Router Future Flag Warning: Relative route resolution within Splat routes is changing in v7. You can use the `v7_relativeSplatPath` future flag to opt-in early. For more information, see https://reactrouter.com/v6/upgrading/future#v7_relativesplatpath. @ http://localhost:6008/node_modules/.cache/storybook/bdaf6fc18e5ad77ddec7181acffedaee161448f945add4f6e894f767f0d9fc14/sb-vite/deps/react-router-dom.js?v=5ceb48ed:4435
[  434007ms] [LOG] [vite] server connection lost. Polling for restart... @ http://localhost:6008/@vite/client:559
[  434016ms] [ERROR] Failed to load resource: net::ERR_FAILED @ http://localhost:6008/:0
[  435028ms] [ERROR] Failed to load resource: net::ERR_FAILED @ http://localhost:6008/:0
[  436037ms] [ERROR] Failed to load resource: net::ERR_FAILED @ http://localhost:6008/:0
[  437043ms] [ERROR] Failed to load resource: net::ERR_FAILED @ http://localhost:6008/:0
[  438049ms] [ERROR] Failed to load resource: net::ERR_FAILED @ http://localhost:6008/:0
[  439054ms] [ERROR] Failed to load resource: net::ERR_FAILED @ http://localhost:6008/:0
[  440062ms] [ERROR] Failed to load resource: net::ERR_FAILED @ http://localhost:6008/:0
[  441067ms] [ERROR] Failed to load resource: net::ERR_FAILED @ http://localhost:6008/:0
[  442072ms] [ERROR] Failed to load resource: net::ERR_FAILED @ http://localhost:6008/:0
[  443079ms] [ERROR] Failed to load resource: net::ERR_FAILED @ http://localhost:6008/:0
[  444088ms] [ERROR] Failed to load resource: net::ERR_FAILED @ http://localhost:6008/:0
[  445091ms] [ERROR] Failed to load resource: net::ERR_FAILED @ http://localhost:6008/:0
[  446094ms] [ERROR] Failed to load resource: net::ERR_FAILED @ http://localhost:6008/:0
[  447099ms] [ERROR] Failed to load resource: net::ERR_FAILED @ http://localhost:6008/:0
[  448105ms] [ERROR] Failed to load resource: net::ERR_FAILED @ http://localhost:6008/:0
[  449108ms] [ERROR] Failed to load resource: net::ERR_FAILED @ http://localhost:6008/:0
[  450112ms] [ERROR] Failed to load resource: net::ERR_FAILED @ http://localhost:6008/:0
[  451117ms] [ERROR] Failed to load resource: net::ERR_FAILED @ http://localhost:6008/:0
[  452120ms] [ERROR] Failed to load resource: net::ERR_FAILED @ http://localhost:6008/:0
[  453123ms] [ERROR] Failed to load resource: net::ERR_FAILED @ http://localhost:6008/:0
[  454127ms] [ERROR] Failed to load resource: net::ERR_FAILED @ http://localhost:6008/:0
[  455130ms] [ERROR] Failed to load resource: net::ERR_FAILED @ http://localhost:6008/:0
[  456136ms] [ERROR] Failed to load resource: net::ERR_FAILED @ http://localhost:6008/:0
[  457143ms] [ERROR] Failed to load resource: net::ERR_FAILED @ http://localhost:6008/:0
[  458148ms] [ERROR] Failed to load resource: net::ERR_FAILED @ http://localhost:6008/:0
[  459153ms] [ERROR] Failed to load resource: net::ERR_FAILED @ http://localhost:6008/:0
[  460156ms] [ERROR] Failed to load resource: net::ERR_FAILED @ http://localhost:6008/:0
[  461163ms] [ERROR] Failed to load resource: net::ERR_FAILED @ http://localhost:6008/:0
[  462168ms] [ERROR] Failed to load resource: net::ERR_FAILED @ http://localhost:6008/:0
[  463175ms] [ERROR] Failed to load resource: net::ERR_FAILED @ http://localhost:6008/:0
[  464182ms] [ERROR] Failed to load resource: net::ERR_FAILED @ http://localhost:6008/:0
[  465185ms] [ERROR] Failed to load resource: net::ERR_FAILED @ http://localhost:6008/:0
[  466190ms] [ERROR] Failed to load resource: net::ERR_FAILED @ http://localhost:6008/:0
[  467196ms] [ERROR] Failed to load resource: net::ERR_FAILED @ http://localhost:6008/:0
[  468200ms] [ERROR] Failed to load resource: net::ERR_FAILED @ http://localhost:6008/:0
[  469203ms] [ERROR] Failed to load resource: net::ERR_FAILED @ http://localhost:6008/:0
[  470210ms] [ERROR] Failed to load resource: net::ERR_FAILED @ http://localhost:6008/:0
[  471214ms] [ERROR] Failed to load resource: net::ERR_FAILED @ http://localhost:6008/:0
[  472218ms] [ERROR] Failed to load resource: net::ERR_FAILED @ http://localhost:6008/:0
[  473224ms] [ERROR] Failed to load resource: net::ERR_FAILED @ http://localhost:6008/:0
[  474230ms] [ERROR] Failed to load resource: net::ERR_FAILED @ http://localhost:6008/:0
[  475236ms] [ERROR] Failed to load resource: net::ERR_FAILED @ http://localhost:6008/:0
[  476241ms] [ERROR] Failed to load resource: net::ERR_FAILED @ http://localhost:6008/:0
[  477245ms] [ERROR] Failed to load resource: net::ERR_FAILED @ http://localhost:6008/:0
[  478250ms] [ERROR] Failed to load resource: net::ERR_FAILED @ http://localhost:6008/:0
[  479253ms] [ERROR] Failed to load resource: net::ERR_FAILED @ http://localhost:6008/:0
[  480256ms] [ERROR] Failed to load resource: net::ERR_FAILED @ http://localhost:6008/:0
[  481259ms] [ERROR] Failed to load resource: net::ERR_FAILED @ http://localhost:6008/:0
[  482263ms] [ERROR] Failed to load resource: net::ERR_FAILED @ http://localhost:6008/:0
[  483266ms] [ERROR] Failed to load resource: net::ERR_FAILED @ http://localhost:6008/:0
[  484270ms] [ERROR] Failed to load resource: net::ERR_FAILED @ http://localhost:6008/:0
[  485278ms] [ERROR] Failed to load resource: net::ERR_FAILED @ http://localhost:6008/:0
[  486282ms] [ERROR] Failed to load resource: net::ERR_FAILED @ http://localhost:6008/:0
[  487285ms] [ERROR] Failed to load resource: net::ERR_FAILED @ http://localhost:6008/:0
[  488288ms] [ERROR] Failed to load resource: net::ERR_FAILED @ http://localhost:6008/:0
[  489292ms] [ERROR] Failed to load resource: net::ERR_FAILED @ http://localhost:6008/:0
[  490296ms] [ERROR] Failed to load resource: net::ERR_FAILED @ http://localhost:6008/:0
[  491299ms] [ERROR] Failed to load resource: net::ERR_FAILED @ http://localhost:6008/:0
[  492306ms] [ERROR] Failed to load resource: net::ERR_FAILED @ http://localhost:6008/:0
[  493312ms] [ERROR] Failed to load resource: net::ERR_FAILED @ http://localhost:6008/:0
[  494316ms] [ERROR] Failed to load resource: net::ERR_FAILED @ http://localhost:6008/:0
[  495320ms] [ERROR] Failed to load resource: net::ERR_FAILED @ http://localhost:6008/:0
[  496323ms] [ERROR] Failed to load resource: net::ERR_FAILED @ http://localhost:6008/:0
[  497328ms] [ERROR] Failed to load resource: net::ERR_FAILED @ http://localhost:6008/:0
[  498332ms] [ERROR] Failed to load resource: net::ERR_FAILED @ http://localhost:6008/:0
[  499335ms] [ERROR] Failed to load resource: net::ERR_FAILED @ http://localhost:6008/:0
[  500343ms] [ERROR] Failed to load resource: net::ERR_FAILED @ http://localhost:6008/:0
[  501348ms] [ERROR] Failed to load resource: net::ERR_FAILED @ http://localhost:6008/:0
[  502354ms] [ERROR] Failed to load resource: net::ERR_FAILED @ http://localhost:6008/:0
[  503357ms] [ERROR] Failed to load resource: net::ERR_FAILED @ http://localhost:6008/:0
[  504363ms] [ERROR] Failed to load resource: net::ERR_FAILED @ http://localhost:6008/:0
[  505369ms] [ERROR] Failed to load resource: net::ERR_FAILED @ http://localhost:6008/:0
[  506376ms] [ERROR] Failed to load resource: net::ERR_FAILED @ http://localhost:6008/:0
[  507380ms] [ERROR] Failed to load resource: net::ERR_FAILED @ http://localhost:6008/:0
[  508385ms] [ERROR] Failed to load resource: net::ERR_FAILED @ http://localhost:6008/:0
[  509392ms] [ERROR] Failed to load resource: net::ERR_FAILED @ http://localhost:6008/:0
[  510401ms] [ERROR] Failed to load resource: net::ERR_FAILED @ http://localhost:6008/:0
[  511406ms] [ERROR] Failed to load resource: net::ERR_FAILED @ http://localhost:6008/:0
[  512409ms] [ERROR] Failed to load resource: net::ERR_FAILED @ http://localhost:6008/:0
[  513412ms] [ERROR] Failed to load resource: net::ERR_FAILED @ http://localhost:6008/:0
[  514418ms] [ERROR] Failed to load resource: net::ERR_FAILED @ http://localhost:6008/:0
[  515424ms] [ERROR] Failed to load resource: net::ERR_FAILED @ http://localhost:6008/:0
[  516430ms] [ERROR] Failed to load resource: net::ERR_FAILED @ http://localhost:6008/:0
[  517434ms] [ERROR] Failed to load resource: net::ERR_FAILED @ http://localhost:6008/:0
[  518436ms] [ERROR] Failed to load resource: net::ERR_FAILED @ http://localhost:6008/:0
[  519439ms] [ERROR] Failed to load resource: net::ERR_FAILED @ http://localhost:6008/:0
[  520444ms] [ERROR] Failed to load resource: net::ERR_FAILED @ http://localhost:6008/:0
[  521448ms] [ERROR] Failed to load resource: net::ERR_FAILED @ http://localhost:6008/:0
[  522454ms] [ERROR] Failed to load resource: net::ERR_FAILED @ http://localhost:6008/:0
[  523457ms] [ERROR] Failed to load resource: net::ERR_FAILED @ http://localhost:6008/:0
[  524463ms] [ERROR] Failed to load resource: net::ERR_FAILED @ http://localhost:6008/:0
[  525468ms] [ERROR] Failed to load resource: net::ERR_FAILED @ http://localhost:6008/:0
[  526474ms] [ERROR] Failed to load resource: net::ERR_FAILED @ http://localhost:6008/:0
[  527478ms] [ERROR] Failed to load resource: net::ERR_FAILED @ http://localhost:6008/:0
[  528484ms] [ERROR] Failed to load resource: net::ERR_FAILED @ http://localhost:6008/:0
[  529487ms] [ERROR] Failed to load resource: net::ERR_FAILED @ http://localhost:6008/:0
[  530489ms] [ERROR] Failed to load resource: net::ERR_FAILED @ http://localhost:6008/:0
[  531492ms] [ERROR] Failed to load resource: net::ERR_FAILED @ http://localhost:6008/:0
[  532496ms] [ERROR] Failed to load resource: net::ERR_FAILED @ http://localhost:6008/:0
[  533502ms] [ERROR] Failed to load resource: net::ERR_FAILED @ http://localhost:6008/:0
[  534508ms] [ERROR] Failed to load resource: net::ERR_FAILED @ http://localhost:6008/:0
[  535511ms] [ERROR] Failed to load resource: net::ERR_FAILED @ http://localhost:6008/:0
[  536517ms] [ERROR] Failed to load resource: net::ERR_FAILED @ http://localhost:6008/:0
[  537521ms] [ERROR] Failed to load resource: net::ERR_FAILED @ http://localhost:6008/:0
[  538523ms] [ERROR] Failed to load resource: net::ERR_FAILED @ http://localhost:6008/:0
[  539526ms] [ERROR] Failed to load resource: net::ERR_FAILED @ http://localhost:6008/:0
[  540530ms] [ERROR] Failed to load resource: net::ERR_FAILED @ http://localhost:6008/:0
[  541533ms] [ERROR] Failed to load resource: net::ERR_FAILED @ http://localhost:6008/:0
[  542538ms] [ERROR] Failed to load resource: net::ERR_FAILED @ http://localhost:6008/:0
[  543541ms] [ERROR] Failed to load resource: net::ERR_FAILED @ http://localhost:6008/:0
[  544545ms] [ERROR] Failed to load resource: net::ERR_FAILED @ http://localhost:6008/:0
[  545549ms] [ERROR] Failed to load resource: net::ERR_FAILED @ http://localhost:6008/:0
[  546555ms] [ERROR] Failed to load resource: net::ERR_FAILED @ http://localhost:6008/:0
[  547562ms] [ERROR] Failed to load resource: net::ERR_FAILED @ http://localhost:6008/:0
[  548567ms] [ERROR] Failed to load resource: net::ERR_FAILED @ http://localhost:6008/:0
[  549572ms] [ERROR] Failed to load resource: net::ERR_FAILED @ http://localhost:6008/:0
[  550579ms] [ERROR] Failed to load resource: net::ERR_FAILED @ http://localhost:6008/:0
[  551582ms] [ERROR] Failed to load resource: net::ERR_FAILED @ http://localhost:6008/:0
[  552585ms] [ERROR] Failed to load resource: net::ERR_FAILED @ http://localhost:6008/:0
[  553589ms] [ERROR] Failed to load resource: net::ERR_FAILED @ http://localhost:6008/:0
[  554595ms] [ERROR] Failed to load resource: net::ERR_FAILED @ http://localhost:6008/:0
[  555598ms] [ERROR] Failed to load resource: net::ERR_FAILED @ http://localhost:6008/:0
[  556602ms] [ERROR] Failed to load resource: net::ERR_FAILED @ http://localhost:6008/:0
[  557606ms] [ERROR] Failed to load resource: net::ERR_FAILED @ http://localhost:6008/:0
[  558609ms] [ERROR] Failed to load resource: net::ERR_FAILED @ http://localhost:6008/:0
[  559611ms] [ERROR] Failed to load resource: net::ERR_FAILED @ http://localhost:6008/:0
[  560614ms] [ERROR] Failed to load resource: net::ERR_FAILED @ http://localhost:6008/:0
[  561617ms] [ERROR] Failed to load resource: net::ERR_FAILED @ http://localhost:6008/:0
[  562621ms] [ERROR] Failed to load resource: net::ERR_FAILED @ http://localhost:6008/:0
[  563627ms] [ERROR] Failed to load resource: net::ERR_FAILED @ http://localhost:6008/:0
[  564631ms] [ERROR] Failed to load resource: net::ERR_FAILED @ http://localhost:6008/:0
[  565634ms] [ERROR] Failed to load resource: net::ERR_FAILED @ http://localhost:6008/:0
[  566638ms] [ERROR] Failed to load resource: net::ERR_FAILED @ http://localhost:6008/:0
[  567642ms] [ERROR] Failed to load resource: net::ERR_FAILED @ http://localhost:6008/:0
[  568645ms] [ERROR] Failed to load resource: net::ERR_FAILED @ http://localhost:6008/:0
[  569649ms] [ERROR] Failed to load resource: net::ERR_FAILED @ http://localhost:6008/:0
[  570652ms] [ERROR] Failed to load resource: net::ERR_FAILED @ http://localhost:6008/:0
[  571655ms] [ERROR] Failed to load resource: net::ERR_FAILED @ http://localhost:6008/:0
[  572658ms] [ERROR] Failed to load resource: net::ERR_FAILED @ http://localhost:6008/:0
[  573662ms] [ERROR] Failed to load resource: net::ERR_FAILED @ http://localhost:6008/:0
[  574668ms] [ERROR] Failed to load resource: net::ERR_FAILED @ http://localhost:6008/:0
[  575672ms] [ERROR] Failed to load resource: net::ERR_FAILED @ http://localhost:6008/:0
[  576678ms] [ERROR] Failed to load resource: net::ERR_FAILED @ http://localhost:6008/:0
[  577681ms] [ERROR] Failed to load resource: net::ERR_FAILED @ http://localhost:6008/:0
[  578684ms] [ERROR] Failed to load resource: net::ERR_FAILED @ http://localhost:6008/:0
[  579687ms] [ERROR] Failed to load resource: net::ERR_FAILED @ http://localhost:6008/:0
[  580693ms] [ERROR] Failed to load resource: net::ERR_FAILED @ http://localhost:6008/:0
[  581696ms] [ERROR] Failed to load resource: net::ERR_FAILED @ http://localhost:6008/:0
[  582700ms] [ERROR] Failed to load resource: net::ERR_FAILED @ http://localhost:6008/:0
[  583704ms] [ERROR] Failed to load resource: net::ERR_FAILED @ http://localhost:6008/:0
[  584712ms] [ERROR] Failed to load resource: net::ERR_FAILED @ http://localhost:6008/:0
[  585719ms] [ERROR] Failed to load resource: net::ERR_FAILED @ http://localhost:6008/:0
[  586722ms] [ERROR] Failed to load resource: net::ERR_FAILED @ http://localhost:6008/:0
[  587725ms] [ERROR] Failed to load resource: net::ERR_FAILED @ http://localhost:6008/:0
[  588727ms] [ERROR] Failed to load resource: net::ERR_FAILED @ http://localhost:6008/:0
[  589732ms] [ERROR] Failed to load resource: net::ERR_FAILED @ http://localhost:6008/:0
[  590735ms] [ERROR] Failed to load resource: net::ERR_FAILED @ http://localhost:6008/:0
[  591739ms] [ERROR] Failed to load resource: net::ERR_FAILED @ http://localhost:6008/:0
[  592746ms] [ERROR] Failed to load resource: net::ERR_FAILED @ http://localhost:6008/:0
[  593755ms] [ERROR] Failed to load resource: net::ERR_FAILED @ http://localhost:6008/:0
[  594762ms] [ERROR] Failed to load resource: net::ERR_FAILED @ http://localhost:6008/:0
[  595773ms] [ERROR] Failed to load resource: net::ERR_FAILED @ http://localhost:6008/:0
[  596781ms] [ERROR] Failed to load resource: net::ERR_FAILED @ http://localhost:6008/:0
[  597785ms] [ERROR] Failed to load resource: net::ERR_FAILED @ http://localhost:6008/:0
[  598788ms] [ERROR] Failed to load resource: net::ERR_FAILED @ http://localhost:6008/:0
[  599791ms] [ERROR] Failed to load resource: net::ERR_FAILED @ http://localhost:6008/:0
[  600794ms] [ERROR] Failed to load resource: net::ERR_FAILED @ http://localhost:6008/:0
[  601798ms] [ERROR] Failed to load resource: net::ERR_FAILED @ http://localhost:6008/:0
[  602801ms] [ERROR] Failed to load resource: net::ERR_FAILED @ http://localhost:6008/:0
[  603806ms] [ERROR] Failed to load resource: net::ERR_FAILED @ http://localhost:6008/:0
[  604809ms] [ERROR] Failed to load resource: net::ERR_FAILED @ http://localhost:6008/:0
[  605812ms] [ERROR] Failed to load resource: net::ERR_FAILED @ http://localhost:6008/:0
[  606816ms] [ERROR] Failed to load resource: net::ERR_FAILED @ http://localhost:6008/:0
[  607818ms] [ERROR] Failed to load resource: net::ERR_FAILED @ http://localhost:6008/:0
[  608824ms] [ERROR] Failed to load resource: net::ERR_FAILED @ http://localhost:6008/:0
[  609829ms] [ERROR] Failed to load resource: net::ERR_FAILED @ http://localhost:6008/:0
[  610835ms] [ERROR] Failed to load resource: net::ERR_FAILED @ http://localhost:6008/:0
[  611838ms] [ERROR] Failed to load resource: net::ERR_FAILED @ http://localhost:6008/:0
[  612841ms] [ERROR] Failed to load resource: net::ERR_FAILED @ http://localhost:6008/:0
[  613847ms] [ERROR] Failed to load resource: net::ERR_FAILED @ http://localhost:6008/:0
[  614855ms] [ERROR] Failed to load resource: net::ERR_FAILED @ http://localhost:6008/:0
[  615857ms] [ERROR] Failed to load resource: net::ERR_FAILED @ http://localhost:6008/:0
[  616861ms] [ERROR] Failed to load resource: net::ERR_FAILED @ http://localhost:6008/:0
[  617865ms] [ERROR] Failed to load resource: net::ERR_FAILED @ http://localhost:6008/:0
[  618868ms] [ERROR] Failed to load resource: net::ERR_FAILED @ http://localhost:6008/:0
[  619874ms] [ERROR] Failed to load resource: net::ERR_FAILED @ http://localhost:6008/:0
[  620878ms] [ERROR] Failed to load resource: net::ERR_FAILED @ http://localhost:6008/:0
