docker build -t pyxis:admin-app-local-final .
#0 building with "default" instance using docker driver

#1 [internal] load build definition from Dockerfile
#1 transferring dockerfile: 1.36kB done
#1 DONE 0.0s

#2 resolve image config for docker.io/docker/dockerfile:1.7
#2 DONE 0.3s

#3 docker-image://docker.io/docker/dockerfile:1.7@sha256:a57df69d0ea827fb7266491f2813635de6f17269be881f696fbfdf2d83dda33e
#3 CACHED

#4 [internal] load metadata for docker.io/library/golang:1.26-bookworm
#4 DONE 0.3s

#5 [internal] load metadata for docker.io/library/debian:bookworm-slim
#5 DONE 0.3s

#6 [internal] load metadata for docker.io/library/node:22-bookworm-slim
#6 DONE 0.3s

#7 [internal] load .dockerignore
#7 transferring context: 677B done
#7 DONE 0.0s

#8 [build 1/8] FROM docker.io/library/golang:1.26-bookworm@sha256:47ce5636e9936b2c5cbf708925578ef386b4f8872aec74a67bd13a627d242b19
#8 DONE 0.0s

#9 [runtime 1/6] FROM docker.io/library/debian:bookworm-slim@sha256:f9c6a2fd2ddbc23e336b6257a5245e31f996953ef06cd13a59fa0a1df2d5c252
#9 DONE 0.0s

#10 [web 1/5] FROM docker.io/library/node:22-bookworm-slim@sha256:d415caac2f1f77b98caaf9415c5f807e14bc8d7bdea62561ea2fef4fbd08a73c
#10 DONE 0.0s

#11 [internal] load build context
#11 transferring context: 6.29MB 0.3s done
#11 DONE 0.3s

#12 [build 2/8] WORKDIR /src
#12 CACHED

#13 [build 3/8] COPY go.mod go.sum ./
#13 CACHED

#14 [web 2/5] WORKDIR /src/web
#14 CACHED

#15 [build 4/8] RUN go mod download
#15 CACHED

#16 [web 3/5] COPY web/package.json web/pnpm-lock.yaml web/pnpm-workspace.yaml web/tsconfig.json ./
#16 CACHED

#17 [web 4/5] COPY web/packages ./packages
#17 DONE 0.1s

#18 [build 5/8] COPY . .
#18 DONE 1.1s

#19 [web 5/5] RUN corepack enable   && corepack prepare pnpm@9.0.0 --activate   && pnpm install --frozen-lockfile   && pnpm --filter pyxis-types build   && pnpm --filter pyxis-components build   && pnpm --filter pyxis-user-site build   && pnpm --filter pyxis-app build
#19 0.358 Preparing pnpm@9.0.0 for immediate activation...
#19 2.125 Scope: all 5 workspace projects
#19 2.205 Lockfile is up to date, resolution step is skipped
#19 2.265 Progress: resolved 1, reused 0, downloaded 0, added 0
#19 2.422 Packages: +640
#19 2.422 ++++++++++++++++++++++++++++++++++++++++++++++++++++++++++++++++++++++++++++++++
#19 2.704 
#19 2.704    ╭───────────────────────────────────────────────────────────────────╮
#19 2.704    │                                                                   │
#19 2.704    │                Update available! 9.0.0 → 10.33.2.                 │
#19 2.704    │   Changelog: https://github.com/pnpm/pnpm/releases/tag/v10.33.2   │
#19 2.704    │     Run "corepack prepare pnpm@10.33.2 --activate" to update.     │
#19 2.704    │                                                                   │
#19 2.704    │      Follow @pnpmjs for updates: https://twitter.com/pnpmjs       │
#19 2.704    │                                                                   │
#19 2.704    ╰───────────────────────────────────────────────────────────────────╯
#19 2.704 
#19 3.273 Progress: resolved 640, reused 0, downloaded 58, added 55
#19 4.271 Progress: resolved 640, reused 0, downloaded 207, added 206
#19 5.271 Progress: resolved 640, reused 0, downloaded 423, added 420
#19 6.272 Progress: resolved 640, reused 0, downloaded 599, added 599
#19 7.272 Progress: resolved 640, reused 0, downloaded 639, added 639
#19 7.954 Progress: resolved 640, reused 0, downloaded 640, added 640, done
#19 8.185 .../esbuild@0.25.12/node_modules/esbuild postinstall$ node install.js
#19 8.185 .../esbuild@0.21.5/node_modules/esbuild postinstall$ node install.js
#19 8.210 .../node_modules/msw postinstall$ node -e "import('./config/scripts/postinstall.js').catch(() => void 0)"
#19 8.254 .../esbuild@0.25.12/node_modules/esbuild postinstall: Done
#19 8.267 .../esbuild@0.21.5/node_modules/esbuild postinstall: Done
#19 8.269 .../node_modules/msw postinstall: Done
#19 8.502 
#19 8.502 devDependencies:
#19 8.502 + @types/node 20.19.39
#19 8.502 + playwright 1.59.1
#19 8.502 + typescript 5.9.3
#19 8.502 
#19 8.536 Done in 6.8s
#19 8.992 
#19 8.992 > pyxis-types@0.1.0 build /src/web/packages/pyxis-types
#19 8.992 > tsc -p tsconfig.build.json
#19 8.992 
#19 10.74 
#19 10.74 > pyxis-components@0.1.0 build /src/web/packages/pyxis-components
#19 10.74 > vite build && tsc -p tsconfig.build.json
#19 10.74 
#19 11.87 vite v5.4.21 building for production...
#19 16.22 transforming...
#19 16.98 ✓ 212 modules transformed.
#19 17.08 rendering chunks...
#19 17.22 
#19 17.22 [vite:dts] Start generate declaration files...
#19 17.28 computing gzip size...
#19 17.33 dist/style.css    56.61 kB │ gzip: 7.79 kB
#19 17.33 dist/index99.js    0.16 kB │ gzip: 0.15 kB │ map:  1.23 kB
#19 17.33 dist/index56.js    0.17 kB │ gzip: 0.15 kB │ map:  0.91 kB
#19 17.33 dist/index117.js   0.20 kB │ gzip: 0.17 kB │ map:  1.56 kB
#19 17.33 dist/index101.js   0.24 kB │ gzip: 0.19 kB │ map:  1.52 kB
#19 17.33 dist/index121.js   0.31 kB │ gzip: 0.23 kB │ map:  1.50 kB
#19 17.33 dist/index109.js   0.43 kB │ gzip: 0.23 kB │ map:  3.69 kB
#19 17.33 dist/index100.js   0.53 kB │ gzip: 0.33 kB │ map:  2.31 kB
#19 17.33 dist/index102.js   0.54 kB │ gzip: 0.29 kB │ map:  3.30 kB
#19 17.33 dist/index106.js   0.54 kB │ gzip: 0.31 kB │ map:  2.99 kB
#19 17.33 dist/index55.js    0.54 kB │ gzip: 0.30 kB │ map:  1.20 kB
#19 17.33 dist/index42.js    0.55 kB │ gzip: 0.37 kB │ map:  0.93 kB
#19 17.33 dist/index28.js    0.63 kB │ gzip: 0.34 kB │ map:  1.16 kB
#19 17.33 dist/index34.js    0.66 kB │ gzip: 0.36 kB │ map:  1.14 kB
#19 17.33 dist/index24.js    0.67 kB │ gzip: 0.39 kB │ map:  1.48 kB
#19 17.33 dist/index118.js   0.68 kB │ gzip: 0.35 kB │ map:  3.06 kB
#19 17.33 dist/index35.js    0.69 kB │ gzip: 0.36 kB │ map:  1.17 kB
#19 17.33 dist/index45.js    0.75 kB │ gzip: 0.44 kB │ map:  1.72 kB
#19 17.33 dist/index110.js   0.77 kB │ gzip: 0.42 kB │ map:  4.56 kB
#19 17.33 dist/index46.js    0.78 kB │ gzip: 0.44 kB │ map:  1.61 kB
#19 17.33 dist/index38.js    0.79 kB │ gzip: 0.35 kB │ map:  1.44 kB
#19 17.33 dist/index103.js   0.80 kB │ gzip: 0.36 kB │ map:  4.43 kB
#19 17.33 dist/index33.js    0.81 kB │ gzip: 0.37 kB │ map:  1.58 kB
#19 17.33 dist/index25.js    0.82 kB │ gzip: 0.42 kB │ map:  1.71 kB
#19 17.33 dist/index5.js     0.87 kB │ gzip: 0.48 kB │ map:  1.89 kB
#19 17.33 dist/index36.js    0.87 kB │ gzip: 0.44 kB │ map:  1.43 kB
#19 17.33 dist/index11.js    0.92 kB │ gzip: 0.46 kB │ map:  1.71 kB
#19 17.33 dist/index13.js    0.96 kB │ gzip: 0.46 kB │ map:  1.89 kB
#19 17.33 dist/index2.js     0.97 kB │ gzip: 0.51 kB │ map:  2.37 kB
#19 17.33 dist/index48.js    0.99 kB │ gzip: 0.44 kB │ map:  1.68 kB
#19 17.33 dist/index41.js    1.01 kB │ gzip: 0.47 kB │ map:  2.05 kB
#19 17.33 dist/index10.js    1.01 kB │ gzip: 0.46 kB │ map:  2.54 kB
#19 17.33 dist/index27.js    1.01 kB │ gzip: 0.39 kB │ map:  1.81 kB
#19 17.33 dist/index40.js    1.03 kB │ gzip: 0.50 kB │ map:  1.80 kB
#19 17.33 dist/index26.js    1.08 kB │ gzip: 0.49 kB │ map:  2.28 kB
#19 17.33 dist/index44.js    1.17 kB │ gzip: 0.50 kB │ map:  2.36 kB
#19 17.33 dist/index16.js    1.27 kB │ gzip: 0.59 kB │ map:  2.30 kB
#19 17.33 dist/index37.js    1.27 kB │ gzip: 0.48 kB │ map:  2.24 kB
#19 17.33 dist/index51.js    1.27 kB │ gzip: 0.52 kB │ map:  2.55 kB
#19 17.33 dist/index8.js     1.27 kB │ gzip: 0.58 kB │ map:  2.55 kB
#19 17.33 dist/index32.js    1.28 kB │ gzip: 0.49 kB │ map:  2.41 kB
#19 17.33 dist/index20.js    1.28 kB │ gzip: 0.50 kB │ map:  2.28 kB
#19 17.33 dist/index9.js     1.29 kB │ gzip: 0.69 kB │ map:  2.67 kB
#19 17.33 dist/index49.js    1.30 kB │ gzip: 0.71 kB │ map:  2.18 kB
#19 17.33 dist/index119.js   1.33 kB │ gzip: 0.67 kB │ map:  7.27 kB
#19 17.33 dist/index15.js    1.34 kB │ gzip: 0.60 kB │ map:  2.37 kB
#19 17.33 dist/index39.js    1.36 kB │ gzip: 0.51 kB │ map:  2.50 kB
#19 17.33 dist/index14.js    1.41 kB │ gzip: 0.66 kB │ map:  2.84 kB
#19 17.33 dist/index31.js    1.44 kB │ gzip: 0.62 kB │ map:  2.73 kB
#19 17.33 dist/index4.js     1.50 kB │ gzip: 0.67 kB │ map:  3.34 kB
#19 17.33 dist/index7.js     1.50 kB │ gzip: 0.63 kB │ map:  3.10 kB
#19 17.33 dist/index30.js    1.51 kB │ gzip: 0.65 kB │ map:  2.57 kB
#19 17.33 dist/index104.js   1.55 kB │ gzip: 0.48 kB │ map:  4.67 kB
#19 17.33 dist/index12.js    1.59 kB │ gzip: 0.70 kB │ map:  3.12 kB
#19 17.33 dist/index19.js    1.63 kB │ gzip: 0.62 kB │ map:  2.99 kB
#19 17.33 dist/index50.js    1.63 kB │ gzip: 0.70 kB │ map:  2.87 kB
#19 17.33 dist/index21.js    1.65 kB │ gzip: 0.56 kB │ map:  2.79 kB
#19 17.33 dist/index43.js    1.65 kB │ gzip: 0.65 kB │ map:  3.15 kB
#19 17.33 dist/index52.js    1.70 kB │ gzip: 0.69 kB │ map:  3.32 kB
#19 17.33 dist/index105.js   1.83 kB │ gzip: 0.70 kB │ map:  6.76 kB
#19 17.33 dist/index47.js    1.94 kB │ gzip: 0.74 kB │ map:  3.55 kB
#19 17.33 dist/index6.js     2.28 kB │ gzip: 0.78 kB │ map:  4.90 kB
#19 17.33 dist/index115.js   2.34 kB │ gzip: 0.76 kB │ map:  7.14 kB
#19 17.33 dist/index114.js   2.71 kB │ gzip: 0.98 kB │ map: 15.69 kB
#19 17.33 dist/index23.js    2.76 kB │ gzip: 1.10 kB │ map:  6.43 kB
#19 17.33 dist/index120.js   2.84 kB │ gzip: 0.92 kB │ map:  7.48 kB
#19 17.33 dist/index18.js    2.86 kB │ gzip: 0.83 kB │ map:  5.04 kB
#19 17.33 dist/index3.js     2.92 kB │ gzip: 1.24 kB │ map:  6.28 kB
#19 17.33 dist/index17.js    3.20 kB │ gzip: 1.30 kB │ map:  5.89 kB
#19 17.33 dist/index82.js    3.52 kB │ gzip: 1.22 kB │ map: 13.68 kB
#19 17.33 dist/index108.js   3.80 kB │ gzip: 1.01 kB │ map: 11.04 kB
#19 17.33 dist/index.js      4.03 kB │ gzip: 1.23 kB │ map:  0.14 kB
#19 17.33 dist/index111.js   4.06 kB │ gzip: 1.37 kB │ map: 13.69 kB
#19 17.33 dist/index53.js    4.29 kB │ gzip: 1.52 kB │ map:  9.83 kB
#19 17.33 dist/index113.js   4.76 kB │ gzip: 1.62 kB │ map: 20.40 kB
#19 17.33 dist/index116.js   4.84 kB │ gzip: 1.40 kB │ map: 14.61 kB
#19 17.33 dist/index80.js    6.84 kB │ gzip: 3.11 kB │ map: 17.40 kB
#19 17.33 dist/index112.js   9.19 kB │ gzip: 2.46 kB │ map: 28.31 kB
#19 17.33 dist/index54.js   10.10 kB │ gzip: 2.53 kB │ map: 17.25 kB
#19 17.33 dist/index29.js   10.27 kB │ gzip: 2.32 kB │ map: 19.85 kB
#19 17.33 dist/index22.js   15.70 kB │ gzip: 3.45 kB │ map: 22.95 kB
#19 17.33 dist/index107.js  15.83 kB │ gzip: 4.37 kB │ map: 52.49 kB
#19 17.33 dist/index122.js  28.41 kB │ gzip: 4.95 kB │ map: 90.65 kB
#19 17.45 [vite:dts] Declaration files built in 4652ms.
#19 17.45 
#19 17.45 ✓ built in 5.55s
#19 22.58 
#19 22.58 > pyxis-user-site@0.1.0 build /src/web/packages/pyxis-user-site
#19 22.58 > tsc -b && vite build
#19 22.58 
#19 27.21 vite v5.4.21 building for production...
#19 27.29 transforming...
#19 28.83 ✓ 291 modules transformed.
#19 28.98 rendering chunks...
#19 29.66 computing gzip size...
#19 29.69 dist/index.html                             1.12 kB │ gzip:   0.61 kB
#19 29.69 dist/assets/index-g85J76qo.css             69.20 kB │ gzip:  10.46 kB
#19 29.69 dist/assets/errors-iWWLIpFW.js              0.52 kB │ gzip:   0.30 kB │ map:     2.06 kB
#19 29.69 dist/assets/PublicPageHeader-DKU1jaeo.js    0.57 kB │ gzip:   0.28 kB │ map:     1.46 kB
#19 29.69 dist/assets/index-BdYRO7Jv.js               1.38 kB │ gzip:   0.64 kB │ map:     3.28 kB
#19 29.69 dist/assets/index-CtCKcKap.js               4.80 kB │ gzip:   1.77 kB │ map:    12.28 kB
#19 29.69 dist/assets/index-u3-Vhe4_.js               5.77 kB │ gzip:   2.13 kB │ map:    16.38 kB
#19 29.69 dist/assets/index-DPanK0QK.js               6.96 kB │ gzip:   2.32 kB │ map:    18.96 kB
#19 29.69 dist/assets/index-BV11xFvi.js               7.68 kB │ gzip:   2.41 kB │ map:    22.75 kB
#19 29.69 dist/assets/index-BA3fWvwg.js              10.52 kB │ gzip:   2.94 kB │ map:    26.23 kB
#19 29.69 dist/assets/Poster-BrLcWgP7.js             11.11 kB │ gzip:   3.11 kB │ map:    21.68 kB
#19 29.69 dist/assets/index-CXYw4yLm.js             360.63 kB │ gzip: 114.32 kB │ map: 1,696.29 kB
#19 29.69 ✓ built in 2.42s
#19 30.10 
#19 30.10 > pyxis-app@0.1.0 build /src/web/packages/pyxis-app
#19 30.10 > tsc -b && vite build
#19 30.10 
#19 37.94 vite v5.4.21 building for production...
#19 38.01 transforming...
#19 40.15 ✓ 525 modules transformed.
#19 40.56 rendering chunks...
#19 40.76 computing gzip size...
#19 40.79 dist/index.html                   0.37 kB │ gzip:   0.27 kB
#19 40.79 dist/assets/index-Bpfg_DTZ.css  131.68 kB │ gzip:  20.16 kB
#19 40.79 dist/assets/index-Bsp98drN.js   472.23 kB │ gzip: 140.85 kB │ map: 2,046.93 kB
#19 40.79 ✓ built in 2.81s
#19 DONE 41.3s

#20 [build 6/8] COPY --from=web /src/web/packages/pyxis-user-site/dist ./internal/web/embed/public
#20 DONE 0.0s

#21 [build 7/8] COPY --from=web /src/web/packages/pyxis-app/dist ./internal/web/embed/app
#21 DONE 0.0s

#22 [build 8/8] RUN CGO_ENABLED=1 go build -tags embed -trimpath -o /out/pyxis ./cmd/pyxis
#22 DONE 102.8s

#23 [runtime 2/6] RUN apt-get update   && apt-get install -y --no-install-recommends ca-certificates   && rm -rf /var/lib/apt/lists/*   && useradd --system --uid 10001 --home-dir /app --shell /usr/sbin/nologin appuser
#23 CACHED

#24 [runtime 3/6] WORKDIR /app
#24 CACHED

#25 [runtime 4/6] COPY --from=build /out/pyxis /usr/local/bin/pyxis
#25 DONE 0.1s

#26 [runtime 5/6] COPY bot /app/bot
#26 DONE 0.0s

#27 [runtime 6/6] RUN mkdir -p /data/flyers   && chown -R appuser:appuser /app /data   && chmod +x /usr/local/bin/pyxis
#27 DONE 0.3s

#28 exporting to image
#28 exporting layers
#28 exporting layers 0.3s done
#28 writing image sha256:bef807ee8792c44cae303de50d914847484a42c580889488740426a714963782 done
#28 naming to docker.io/library/pyxis:admin-app-local-final done
#28 DONE 0.3s

View build details: docker-desktop://dashboard/build/default/default/zryo5rxb5w9jxjhifjv17plox

What's Next?
  1. Sign in to your Docker account → docker login
  2. View a summary of image vulnerabilities and recommendations → docker scout quickview
